This is pdfTeX, Version 3.141592653-2.6-1.40.25 (TeX Live 2023) (preloaded format=pdflatex 2023.10.17)  17 OCT 2023 15:31
entering extended mode
 restricted \write18 enabled.
 %&-line parsing enabled.
**data_clean_visualization_cell_year.tex
(./data_clean_visualization_cell_year.tex
LaTeX2e <2023-06-01> patch level 1
L3 programming layer <2023-10-10>
(/Users/kitchel/Library/TinyTeX/texmf-dist/tex/latex/base/article.cls
Document Class: article 2023/05/17 v1.4n Standard LaTeX document class
(/Users/kitchel/Library/TinyTeX/texmf-dist/tex/latex/base/size10.clo
File: size10.clo 2023/05/17 v1.4n Standard LaTeX file (size option)
)
\c@part=\count185
\c@section=\count186
\c@subsection=\count187
\c@subsubsection=\count188
\c@paragraph=\count189
\c@subparagraph=\count190
\c@figure=\count191
\c@table=\count192
\abovecaptionskip=\skip48
\belowcaptionskip=\skip49
\bibindent=\dimen140
) (/Users/kitchel/Library/TinyTeX/texmf-dist/tex/latex/amsmath/amsmath.sty
Package: amsmath 2023/05/13 v2.17o AMS math features
\@mathmargin=\skip50
For additional information on amsmath, use the `?' option.
(/Users/kitchel/Library/TinyTeX/texmf-dist/tex/latex/amsmath/amstext.sty
Package: amstext 2021/08/26 v2.01 AMS text
(/Users/kitchel/Library/TinyTeX/texmf-dist/tex/latex/amsmath/amsgen.sty
File: amsgen.sty 1999/11/30 v2.0 generic functions
\@emptytoks=\toks17
\ex@=\dimen141
)) (/Users/kitchel/Library/TinyTeX/texmf-dist/tex/latex/amsmath/amsbsy.sty
Package: amsbsy 1999/11/29 v1.2d Bold Symbols
\pmbraise@=\dimen142
) (/Users/kitchel/Library/TinyTeX/texmf-dist/tex/latex/amsmath/amsopn.sty
Package: amsopn 2022/04/08 v2.04 operator names
)
\inf@bad=\count193
LaTeX Info: Redefining \frac on input line 234.
\uproot@=\count194
\leftroot@=\count195
LaTeX Info: Redefining \overline on input line 399.
LaTeX Info: Redefining \colon on input line 410.
\classnum@=\count196
\DOTSCASE@=\count197
LaTeX Info: Redefining \ldots on input line 496.
LaTeX Info: Redefining \dots on input line 499.
LaTeX Info: Redefining \cdots on input line 620.
\Mathstrutbox@=\box51
\strutbox@=\box52
LaTeX Info: Redefining \big on input line 722.
LaTeX Info: Redefining \Big on input line 723.
LaTeX Info: Redefining \bigg on input line 724.
LaTeX Info: Redefining \Bigg on input line 725.
\big@size=\dimen143
LaTeX Font Info:    Redeclaring font encoding OML on input line 743.
LaTeX Font Info:    Redeclaring font encoding OMS on input line 744.
\macc@depth=\count198
LaTeX Info: Redefining \bmod on input line 905.
LaTeX Info: Redefining \pmod on input line 910.
LaTeX Info: Redefining \smash on input line 940.
LaTeX Info: Redefining \relbar on input line 970.
LaTeX Info: Redefining \Relbar on input line 971.
\c@MaxMatrixCols=\count199
\dotsspace@=\muskip16
\c@parentequation=\count266
\dspbrk@lvl=\count267
\tag@help=\toks18
\row@=\count268
\column@=\count269
\maxfields@=\count270
\andhelp@=\toks19
\eqnshift@=\dimen144
\alignsep@=\dimen145
\tagshift@=\dimen146
\tagwidth@=\dimen147
\totwidth@=\dimen148
\lineht@=\dimen149
\@envbody=\toks20
\multlinegap=\skip51
\multlinetaggap=\skip52
\mathdisplay@stack=\toks21
LaTeX Info: Redefining \[ on input line 2953.
LaTeX Info: Redefining \] on input line 2954.
) (/Users/kitchel/Library/TinyTeX/texmf-dist/tex/latex/amsfonts/amssymb.sty
Package: amssymb 2013/01/14 v3.01 AMS font symbols
(/Users/kitchel/Library/TinyTeX/texmf-dist/tex/latex/amsfonts/amsfonts.sty
Package: amsfonts 2013/01/14 v3.01 Basic AMSFonts support
\symAMSa=\mathgroup4
\symAMSb=\mathgroup5
LaTeX Font Info:    Redeclaring math symbol \hbar on input line 98.
LaTeX Font Info:    Overwriting math alphabet `\mathfrak' in version `bold'
(Font)                  U/euf/m/n --> U/euf/b/n on input line 106.
)) (/Users/kitchel/Library/TinyTeX/texmf-dist/tex/generic/iftex/iftex.sty
Package: iftex 2022/02/03 v1.0f TeX engine tests
) (/Users/kitchel/Library/TinyTeX/texmf-dist/tex/latex/base/fontenc.sty
Package: fontenc 2021/04/29 v2.0v Standard LaTeX package
) (/Users/kitchel/Library/TinyTeX/texmf-dist/tex/latex/base/inputenc.sty
Package: inputenc 2021/02/14 v1.3d Input encoding file
\inpenc@prehook=\toks22
\inpenc@posthook=\toks23
) (/Users/kitchel/Library/TinyTeX/texmf-dist/tex/latex/base/textcomp.sty
Package: textcomp 2020/02/02 v2.0n Standard LaTeX package
) (/Users/kitchel/Library/TinyTeX/texmf-dist/tex/latex/lm/lmodern.sty
Package: lmodern 2015/05/01 v1.6.1 Latin Modern Fonts
LaTeX Font Info:    Overwriting symbol font `operators' in version `normal'
(Font)                  OT1/cmr/m/n --> OT1/lmr/m/n on input line 22.
LaTeX Font Info:    Overwriting symbol font `letters' in version `normal'
(Font)                  OML/cmm/m/it --> OML/lmm/m/it on input line 23.
LaTeX Font Info:    Overwriting symbol font `symbols' in version `normal'
(Font)                  OMS/cmsy/m/n --> OMS/lmsy/m/n on input line 24.
LaTeX Font Info:    Overwriting symbol font `largesymbols' in version `normal'
(Font)                  OMX/cmex/m/n --> OMX/lmex/m/n on input line 25.
LaTeX Font Info:    Overwriting symbol font `operators' in version `bold'
(Font)                  OT1/cmr/bx/n --> OT1/lmr/bx/n on input line 26.
LaTeX Font Info:    Overwriting symbol font `letters' in version `bold'
(Font)                  OML/cmm/b/it --> OML/lmm/b/it on input line 27.
LaTeX Font Info:    Overwriting symbol font `symbols' in version `bold'
(Font)                  OMS/cmsy/b/n --> OMS/lmsy/b/n on input line 28.
LaTeX Font Info:    Overwriting symbol font `largesymbols' in version `bold'
(Font)                  OMX/cmex/m/n --> OMX/lmex/m/n on input line 29.
LaTeX Font Info:    Overwriting math alphabet `\mathbf' in version `normal'
(Font)                  OT1/cmr/bx/n --> OT1/lmr/bx/n on input line 31.
LaTeX Font Info:    Overwriting math alphabet `\mathsf' in version `normal'
(Font)                  OT1/cmss/m/n --> OT1/lmss/m/n on input line 32.
LaTeX Font Info:    Overwriting math alphabet `\mathit' in version `normal'
(Font)                  OT1/cmr/m/it --> OT1/lmr/m/it on input line 33.
LaTeX Font Info:    Overwriting math alphabet `\mathtt' in version `normal'
(Font)                  OT1/cmtt/m/n --> OT1/lmtt/m/n on input line 34.
LaTeX Font Info:    Overwriting math alphabet `\mathbf' in version `bold'
(Font)                  OT1/cmr/bx/n --> OT1/lmr/bx/n on input line 35.
LaTeX Font Info:    Overwriting math alphabet `\mathsf' in version `bold'
(Font)                  OT1/cmss/bx/n --> OT1/lmss/bx/n on input line 36.
LaTeX Font Info:    Overwriting math alphabet `\mathit' in version `bold'
(Font)                  OT1/cmr/bx/it --> OT1/lmr/bx/it on input line 37.
LaTeX Font Info:    Overwriting math alphabet `\mathtt' in version `bold'
(Font)                  OT1/cmtt/m/n --> OT1/lmtt/m/n on input line 38.
) (/Users/kitchel/Library/TinyTeX/texmf-dist/tex/latex/xcolor/xcolor.sty
Package: xcolor 2022/06/12 v2.14 LaTeX color extensions (UK)
(/Users/kitchel/Library/TinyTeX/texmf-dist/tex/latex/graphics-cfg/color.cfg
File: color.cfg 2016/01/02 v1.6 sample color configuration
)
Package xcolor Info: Driver file: pdftex.def on input line 227.
(/Users/kitchel/Library/TinyTeX/texmf-dist/tex/latex/graphics-def/pdftex.def
File: pdftex.def 2022/09/22 v1.2b Graphics/color driver for pdftex
) (/Users/kitchel/Library/TinyTeX/texmf-dist/tex/latex/graphics/mathcolor.ltx)
Package xcolor Info: Model `cmy' substituted by `cmy0' on input line 1353.
Package xcolor Info: Model `hsb' substituted by `rgb' on input line 1357.
Package xcolor Info: Model `RGB' extended on input line 1369.
Package xcolor Info: Model `HTML' substituted by `rgb' on input line 1371.
Package xcolor Info: Model `Hsb' substituted by `hsb' on input line 1372.
Package xcolor Info: Model `tHsb' substituted by `hsb' on input line 1373.
Package xcolor Info: Model `HSB' substituted by `hsb' on input line 1374.
Package xcolor Info: Model `Gray' substituted by `gray' on input line 1375.
Package xcolor Info: Model `wave' substituted by `hsb' on input line 1376.
) (/Users/kitchel/Library/TinyTeX/texmf-dist/tex/latex/geometry/geometry.sty
Package: geometry 2020/01/02 v5.9 Page Geometry
(/Users/kitchel/Library/TinyTeX/texmf-dist/tex/latex/graphics/keyval.sty
Package: keyval 2022/05/29 v1.15 key=value parser (DPC)
\KV@toks@=\toks24
) (/Users/kitchel/Library/TinyTeX/texmf-dist/tex/generic/iftex/ifvtex.sty
Package: ifvtex 2019/10/25 v1.7 ifvtex legacy package. Use iftex instead.
)
\Gm@cnth=\count271
\Gm@cntv=\count272
\c@Gm@tempcnt=\count273
\Gm@bindingoffset=\dimen150
\Gm@wd@mp=\dimen151
\Gm@odd@mp=\dimen152
\Gm@even@mp=\dimen153
\Gm@layoutwidth=\dimen154
\Gm@layoutheight=\dimen155
\Gm@layouthoffset=\dimen156
\Gm@layoutvoffset=\dimen157
\Gm@dimlist=\toks25
) (/Users/kitchel/Library/TinyTeX/texmf-dist/tex/latex/fancyvrb/fancyvrb.sty
Package: fancyvrb 2023/01/19 4.5a verbatim text (tvz,hv)
\FV@CodeLineNo=\count274
\FV@InFile=\read2
\FV@TabBox=\box53
\c@FancyVerbLine=\count275
\FV@StepNumber=\count276
\FV@OutFile=\write3
) (/Users/kitchel/Library/TinyTeX/texmf-dist/tex/latex/framed/framed.sty
Package: framed 2011/10/22 v 0.96: framed or shaded text with page breaks
\OuterFrameSep=\skip53
\fb@frw=\dimen158
\fb@frh=\dimen159
\FrameRule=\dimen160
\FrameSep=\dimen161
) (/Users/kitchel/Library/TinyTeX/texmf-dist/tex/latex/tools/longtable.sty
Package: longtable 2021-09-01 v4.17 Multi-page Table package (DPC)
\LTleft=\skip54
\LTright=\skip55
\LTpre=\skip56
\LTpost=\skip57
\LTchunksize=\count277
\LTcapwidth=\dimen162
\LT@head=\box54
\LT@firsthead=\box55
\LT@foot=\box56
\LT@lastfoot=\box57
\LT@gbox=\box58
\LT@cols=\count278
\LT@rows=\count279
\c@LT@tables=\count280
\c@LT@chunks=\count281
\LT@p@ftn=\toks26
) (/Users/kitchel/Library/TinyTeX/texmf-dist/tex/latex/booktabs/booktabs.sty
Package: booktabs 2020/01/12 v1.61803398 Publication quality tables
\heavyrulewidth=\dimen163
\lightrulewidth=\dimen164
\cmidrulewidth=\dimen165
\belowrulesep=\dimen166
\belowbottomsep=\dimen167
\aboverulesep=\dimen168
\abovetopsep=\dimen169
\cmidrulesep=\dimen170
\cmidrulekern=\dimen171
\defaultaddspace=\dimen172
\@cmidla=\count282
\@cmidlb=\count283
\@aboverulesep=\dimen173
\@belowrulesep=\dimen174
\@thisruleclass=\count284
\@lastruleclass=\count285
\@thisrulewidth=\dimen175
) (/Users/kitchel/Library/TinyTeX/texmf-dist/tex/latex/tools/array.sty
Package: array 2022/09/04 v2.5g Tabular extension package (FMi)
\col@sep=\dimen176
\ar@mcellbox=\box59
\extrarowheight=\dimen177
\NC@list=\toks27
\extratabsurround=\skip58
\backup@length=\skip59
\ar@cellbox=\box60
) (/Users/kitchel/Library/TinyTeX/texmf-dist/tex/latex/tools/calc.sty
Package: calc 2017/05/25 v4.3 Infix arithmetic (KKT,FJ)
\calc@Acount=\count286
\calc@Bcount=\count287
\calc@Adimen=\dimen178
\calc@Bdimen=\dimen179
\calc@Askip=\skip60
\calc@Bskip=\skip61
LaTeX Info: Redefining \setlength on input line 80.
LaTeX Info: Redefining \addtolength on input line 81.
\calc@Ccount=\count288
\calc@Cskip=\skip62
) (/Users/kitchel/Library/TinyTeX/texmf-dist/tex/latex/etoolbox/etoolbox.sty
Package: etoolbox 2020/10/05 v2.5k e-TeX tools for LaTeX (JAW)
\etb@tempcnta=\count289
) (/Users/kitchel/Library/TinyTeX/texmf-dist/tex/latex/mdwtools/footnote.sty
Package: footnote 1997/01/28 1.13 Save footnotes around boxes
\fn@notes=\box61
\fn@width=\dimen180
) (/Users/kitchel/Library/TinyTeX/texmf-dist/tex/latex/graphics/graphicx.sty
Package: graphicx 2021/09/16 v1.2d Enhanced LaTeX Graphics (DPC,SPQR)
(/Users/kitchel/Library/TinyTeX/texmf-dist/tex/latex/graphics/graphics.sty
Package: graphics 2022/03/10 v1.4e Standard LaTeX Graphics (DPC,SPQR)
(/Users/kitchel/Library/TinyTeX/texmf-dist/tex/latex/graphics/trig.sty
Package: trig 2021/08/11 v1.11 sin cos tan (DPC)
) (/Users/kitchel/Library/TinyTeX/texmf-dist/tex/latex/graphics-cfg/graphics.cfg
File: graphics.cfg 2016/06/04 v1.11 sample graphics configuration
)
Package graphics Info: Driver file: pdftex.def on input line 107.
)
\Gin@req@height=\dimen181
\Gin@req@width=\dimen182
) (/Users/kitchel/Library/TinyTeX/texmf-dist/tex/latex/hyperref/hyperref.sty
Package: hyperref 2023-07-08 v7.01b Hypertext links for LaTeX
(/Users/kitchel/Library/TinyTeX/texmf-dist/tex/generic/ltxcmds/ltxcmds.sty
Package: ltxcmds 2020-05-10 v1.25 LaTeX kernel commands for general use (HO)
) (/Users/kitchel/Library/TinyTeX/texmf-dist/tex/generic/pdftexcmds/pdftexcmds.sty
Package: pdftexcmds 2020-06-27 v0.33 Utility functions of pdfTeX for LuaTeX (HO)
(/Users/kitchel/Library/TinyTeX/texmf-dist/tex/generic/infwarerr/infwarerr.sty
Package: infwarerr 2019/12/03 v1.5 Providing info/warning/error messages (HO)
)
Package pdftexcmds Info: \pdf@primitive is available.
Package pdftexcmds Info: \pdf@ifprimitive is available.
Package pdftexcmds Info: \pdfdraftmode found.
) (/Users/kitchel/Library/TinyTeX/texmf-dist/tex/latex/kvsetkeys/kvsetkeys.sty
Package: kvsetkeys 2022-10-05 v1.19 Key value parser (HO)
) (/Users/kitchel/Library/TinyTeX/texmf-dist/tex/generic/kvdefinekeys/kvdefinekeys.sty
Package: kvdefinekeys 2019-12-19 v1.6 Define keys (HO)
) (/Users/kitchel/Library/TinyTeX/texmf-dist/tex/generic/pdfescape/pdfescape.sty
Package: pdfescape 2019/12/09 v1.15 Implements pdfTeX's escape features (HO)
) (/Users/kitchel/Library/TinyTeX/texmf-dist/tex/latex/hycolor/hycolor.sty
Package: hycolor 2020-01-27 v1.10 Color options for hyperref/bookmark (HO)
) (/Users/kitchel/Library/TinyTeX/texmf-dist/tex/latex/letltxmacro/letltxmacro.sty
Package: letltxmacro 2019/12/03 v1.6 Let assignment for LaTeX macros (HO)
) (/Users/kitchel/Library/TinyTeX/texmf-dist/tex/latex/auxhook/auxhook.sty
Package: auxhook 2019-12-17 v1.6 Hooks for auxiliary files (HO)
) (/Users/kitchel/Library/TinyTeX/texmf-dist/tex/latex/hyperref/nameref.sty
Package: nameref 2023-08-07 v2.53 Cross-referencing by name of section
(/Users/kitchel/Library/TinyTeX/texmf-dist/tex/latex/refcount/refcount.sty
Package: refcount 2019/12/15 v3.6 Data extraction from label references (HO)
) (/Users/kitchel/Library/TinyTeX/texmf-dist/tex/generic/gettitlestring/gettitlestring.sty
Package: gettitlestring 2019/12/15 v1.6 Cleanup title references (HO)
(/Users/kitchel/Library/TinyTeX/texmf-dist/tex/latex/kvoptions/kvoptions.sty
Package: kvoptions 2022-06-15 v3.15 Key value format for package options (HO)
))
\c@section@level=\count290
)
\@linkdim=\dimen183
\Hy@linkcounter=\count291
\Hy@pagecounter=\count292
(/Users/kitchel/Library/TinyTeX/texmf-dist/tex/latex/hyperref/pd1enc.def
File: pd1enc.def 2023-07-08 v7.01b Hyperref: PDFDocEncoding definition (HO)
Now handling font encoding PD1 ...
... no UTF-8 mapping file for font encoding PD1
) (/Users/kitchel/Library/TinyTeX/texmf-dist/tex/generic/intcalc/intcalc.sty
Package: intcalc 2019/12/15 v1.3 Expandable calculations with integers (HO)
)
\Hy@SavedSpaceFactor=\count293
(/Users/kitchel/Library/TinyTeX/texmf-dist/tex/latex/hyperref/puenc.def
File: puenc.def 2023-07-08 v7.01b Hyperref: PDF Unicode definition (HO)
Now handling font encoding PU ...
... no UTF-8 mapping file for font encoding PU
)
Package hyperref Info: Option `unicode' set `true' on input line 4050.
Package hyperref Info: Hyper figures OFF on input line 4167.
Package hyperref Info: Link nesting OFF on input line 4172.
Package hyperref Info: Hyper index ON on input line 4175.
Package hyperref Info: Plain pages OFF on input line 4182.
Package hyperref Info: Backreferencing OFF on input line 4187.
Package hyperref Info: Implicit mode ON; LaTeX internals redefined.
Package hyperref Info: Bookmarks ON on input line 4434.
\c@Hy@tempcnt=\count294
(/Users/kitchel/Library/TinyTeX/texmf-dist/tex/latex/url/url.sty
\Urlmuskip=\muskip17
Package: url 2013/09/16  ver 3.4  Verb mode for urls, etc.
)
LaTeX Info: Redefining \url on input line 4772.
\XeTeXLinkMargin=\dimen184
(/Users/kitchel/Library/TinyTeX/texmf-dist/tex/generic/bitset/bitset.sty
Package: bitset 2019/12/09 v1.3 Handle bit-vector datatype (HO)
(/Users/kitchel/Library/TinyTeX/texmf-dist/tex/generic/bigintcalc/bigintcalc.sty
Package: bigintcalc 2019/12/15 v1.5 Expandable calculations on big integers (HO)
))
\Fld@menulength=\count295
\Field@Width=\dimen185
\Fld@charsize=\dimen186
Package hyperref Info: Hyper figures OFF on input line 6051.
Package hyperref Info: Link nesting OFF on input line 6056.
Package hyperref Info: Hyper index ON on input line 6059.
Package hyperref Info: backreferencing OFF on input line 6066.
Package hyperref Info: Link coloring OFF on input line 6071.
Package hyperref Info: Link coloring with OCG OFF on input line 6076.
Package hyperref Info: PDF/A mode OFF on input line 6081.
(/Users/kitchel/Library/TinyTeX/texmf-dist/tex/latex/base/atbegshi-ltx.sty
Package: atbegshi-ltx 2021/01/10 v1.0c Emulation of the original atbegshi
package with kernel methods
)
\Hy@abspage=\count296
\c@Item=\count297
\c@Hfootnote=\count298
)
Package hyperref Info: Driver (autodetected): hpdftex.
(/Users/kitchel/Library/TinyTeX/texmf-dist/tex/latex/hyperref/hpdftex.def
File: hpdftex.def 2023-07-08 v7.01b Hyperref driver for pdfTeX
(/Users/kitchel/Library/TinyTeX/texmf-dist/tex/latex/base/atveryend-ltx.sty
Package: atveryend-ltx 2020/08/19 v1.0a Emulation of the original atveryend package
with kernel methods
)
\Fld@listcount=\count299
\c@bookmark@seq@number=\count300
(/Users/kitchel/Library/TinyTeX/texmf-dist/tex/latex/rerunfilecheck/rerunfilecheck.sty
Package: rerunfilecheck 2022-07-10 v1.10 Rerun checks for auxiliary files (HO)
(/Users/kitchel/Library/TinyTeX/texmf-dist/tex/generic/uniquecounter/uniquecounter.sty
Package: uniquecounter 2019/12/15 v1.4 Provide unlimited unique counter (HO)
)
Package uniquecounter Info: New unique counter `rerunfilecheck' on input line 285.
)
\Hy@SectionHShift=\skip63
)
LaTeX Font Info:    Trying to load font information for T1+lmr on input line 128.
(/Users/kitchel/Library/TinyTeX/texmf-dist/tex/latex/lm/t1lmr.fd
File: t1lmr.fd 2015/05/01 v1.6.1 Font defs for Latin Modern
) (/Users/kitchel/Library/TinyTeX/texmf-dist/tex/latex/l3backend/l3backend-pdftex.def
File: l3backend-pdftex.def 2023-10-10 L3 backend support: PDF output (pdfTeX)
\l__color_backend_stack_int=\count301
\l__pdf_internal_box=\box62
)
No file data_clean_visualization_cell_year.aux.
\openout1 = `data_clean_visualization_cell_year.aux'.

LaTeX Font Info:    Checking defaults for OML/cmm/m/it on input line 128.
LaTeX Font Info:    ... okay on input line 128.
LaTeX Font Info:    Checking defaults for OMS/cmsy/m/n on input line 128.
LaTeX Font Info:    ... okay on input line 128.
LaTeX Font Info:    Checking defaults for OT1/cmr/m/n on input line 128.
LaTeX Font Info:    ... okay on input line 128.
LaTeX Font Info:    Checking defaults for T1/cmr/m/n on input line 128.
LaTeX Font Info:    ... okay on input line 128.
LaTeX Font Info:    Checking defaults for TS1/cmr/m/n on input line 128.
LaTeX Font Info:    ... okay on input line 128.
LaTeX Font Info:    Checking defaults for OMX/cmex/m/n on input line 128.
LaTeX Font Info:    ... okay on input line 128.
LaTeX Font Info:    Checking defaults for U/cmr/m/n on input line 128.
LaTeX Font Info:    ... okay on input line 128.
LaTeX Font Info:    Checking defaults for PD1/pdf/m/n on input line 128.
LaTeX Font Info:    ... okay on input line 128.
LaTeX Font Info:    Checking defaults for PU/pdf/m/n on input line 128.
LaTeX Font Info:    ... okay on input line 128.
(/Users/kitchel/Library/TinyTeX/texmf-dist/tex/latex/epstopdf-pkg/epstopdf-base.sty
Package: epstopdf-base 2020-01-24 v2.11 Base part for package epstopdf
Package epstopdf-base Info: Redefining graphics rule for `.eps' on input line 485.
(/Users/kitchel/Library/TinyTeX/texmf-dist/tex/latex/latexconfig/epstopdf-sys.cfg
File: epstopdf-sys.cfg 2010/07/13 v1.3 Configuration of (r)epstopdf for TeX Live
))
*geometry* driver: auto-detecting
*geometry* detected driver: pdftex
*geometry* verbose mode - [ preamble ] result:
* driver: pdftex
* paper: <default>
* layout: <same size as paper>
* layoutoffset:(h,v)=(0.0pt,0.0pt)
* modes: 
* h-part:(L,W,R)=(72.26999pt, 469.75502pt, 72.26999pt)
* v-part:(T,H,B)=(72.26999pt, 650.43001pt, 72.26999pt)
* \paperwidth=614.295pt
* \paperheight=794.96999pt
* \textwidth=469.75502pt
* \textheight=650.43001pt
* \oddsidemargin=0.0pt
* \evensidemargin=0.0pt
* \topmargin=-37.0pt
* \headheight=12.0pt
* \headsep=25.0pt
* \topskip=10.0pt
* \footskip=30.0pt
* \marginparwidth=65.0pt
* \marginparsep=11.0pt
* \columnsep=10.0pt
* \skip\footins=9.0pt plus 4.0pt minus 2.0pt
* \hoffset=0.0pt
* \voffset=0.0pt
* \mag=1000
* \@twocolumnfalse
* \@twosidefalse
* \@mparswitchfalse
* \@reversemarginfalse
* (1in=72.27pt=25.4mm, 1cm=28.453pt)

Package hyperref Info: Link coloring OFF on input line 128.
\@outlinefile=\write4
\openout4 = `data_clean_visualization_cell_year.out'.

LaTeX Font Info:    Trying to load font information for OT1+lmr on input line 130.
(/Users/kitchel/Library/TinyTeX/texmf-dist/tex/latex/lm/ot1lmr.fd
File: ot1lmr.fd 2015/05/01 v1.6.1 Font defs for Latin Modern
)
LaTeX Font Info:    Trying to load font information for OML+lmm on input line 130.
(/Users/kitchel/Library/TinyTeX/texmf-dist/tex/latex/lm/omllmm.fd
File: omllmm.fd 2015/05/01 v1.6.1 Font defs for Latin Modern
)
LaTeX Font Info:    Trying to load font information for OMS+lmsy on input line 130.
(/Users/kitchel/Library/TinyTeX/texmf-dist/tex/latex/lm/omslmsy.fd
File: omslmsy.fd 2015/05/01 v1.6.1 Font defs for Latin Modern
)
LaTeX Font Info:    Trying to load font information for OMX+lmex on input line 130.
(/Users/kitchel/Library/TinyTeX/texmf-dist/tex/latex/lm/omxlmex.fd
File: omxlmex.fd 2015/05/01 v1.6.1 Font defs for Latin Modern
)
LaTeX Font Info:    External font `lmex10' loaded for size
(Font)              <12> on input line 130.
LaTeX Font Info:    External font `lmex10' loaded for size
(Font)              <8> on input line 130.
LaTeX Font Info:    External font `lmex10' loaded for size
(Font)              <6> on input line 130.
LaTeX Font Info:    Trying to load font information for U+msa on input line 130.
(/Users/kitchel/Library/TinyTeX/texmf-dist/tex/latex/amsfonts/umsa.fd
File: umsa.fd 2013/01/14 v3.01 AMS symbols A
)
LaTeX Font Info:    Trying to load font information for U+msb on input line 130.
(/Users/kitchel/Library/TinyTeX/texmf-dist/tex/latex/amsfonts/umsb.fd
File: umsb.fd 2013/01/14 v3.01 AMS symbols B
)
No file data_clean_visualization_cell_year.toc.
\tf@toc=\write5
\openout5 = `data_clean_visualization_cell_year.toc'.

LaTeX Font Info:    Trying to load font information for T1+lmtt on input line 142.
(/Users/kitchel/Library/TinyTeX/texmf-dist/tex/latex/lm/t1lmtt.fd
File: t1lmtt.fd 2015/05/01 v1.6.1 Font defs for Latin Modern
)
LaTeX Font Info:    Font shape `T1/lmtt/bx/n' in size <10> not available
(Font)              Font shape `T1/lmtt/b/n' tried instead on input line 144.
<data_clean_visualization_cell_year_files/figure-latex/fig-plot-years-1.pdf, id=4, 469.755pt x 289.08pt>
File: data_clean_visualization_cell_year_files/figure-latex/fig-plot-years-1.pdf Graphic file (type pdf)
<use data_clean_visualization_cell_year_files/figure-latex/fig-plot-years-1.pdf>
Package pdftex.def Info: data_clean_visualization_cell_year_files/figure-latex/fig-plot-years-1.pdf  used on input line 155.
(pdftex.def)             Requested size: 469.75386pt x 289.07928pt.
<data_clean_visualization_cell_year_files/figure-latex/fig-plot-years-2.pdf, id=5, 469.755pt x 289.08pt>
File: data_clean_visualization_cell_year_files/figure-latex/fig-plot-years-2.pdf Graphic file (type pdf)
<use data_clean_visualization_cell_year_files/figure-latex/fig-plot-years-2.pdf>
Package pdftex.def Info: data_clean_visualization_cell_year_files/figure-latex/fig-plot-years-2.pdf  used on input line 161.
(pdftex.def)             Requested size: 469.75386pt x 289.07928pt.
<data_clean_visualization_cell_year_files/figure-latex/fig-plot-years-3.pdf, id=6, 469.755pt x 289.08pt>
File: data_clean_visualization_cell_year_files/figure-latex/fig-plot-years-3.pdf Graphic file (type pdf)
<use data_clean_visualization_cell_year_files/figure-latex/fig-plot-years-3.pdf>
Package pdftex.def Info: data_clean_visualization_cell_year_files/figure-latex/fig-plot-years-3.pdf  used on input line 167.
(pdftex.def)             Requested size: 469.75386pt x 289.07928pt.
<data_clean_visualization_cell_year_files/figure-latex/fig-plot-years-4.pdf, id=7, 469.755pt x 289.08pt>
File: data_clean_visualization_cell_year_files/figure-latex/fig-plot-years-4.pdf Graphic file (type pdf)
<use data_clean_visualization_cell_year_files/figure-latex/fig-plot-years-4.pdf>
Package pdftex.def Info: data_clean_visualization_cell_year_files/figure-latex/fig-plot-years-4.pdf  used on input line 173.
(pdftex.def)             Requested size: 469.75386pt x 289.07928pt.
<data_clean_visualization_cell_year_files/figure-latex/fig-plot-years-5.pdf, id=8, 469.755pt x 289.08pt>
File: data_clean_visualization_cell_year_files/figure-latex/fig-plot-years-5.pdf Graphic file (type pdf)
<use data_clean_visualization_cell_year_files/figure-latex/fig-plot-years-5.pdf>
Package pdftex.def Info: data_clean_visualization_cell_year_files/figure-latex/fig-plot-years-5.pdf  used on input line 179.
(pdftex.def)             Requested size: 469.75386pt x 289.07928pt.
<data_clean_visualization_cell_year_files/figure-latex/fig-plot-years-6.pdf, id=9, 469.755pt x 289.08pt>
File: data_clean_visualization_cell_year_files/figure-latex/fig-plot-years-6.pdf Graphic file (type pdf)
<use data_clean_visualization_cell_year_files/figure-latex/fig-plot-years-6.pdf>
Package pdftex.def Info: data_clean_visualization_cell_year_files/figure-latex/fig-plot-years-6.pdf  used on input line 185.
(pdftex.def)             Requested size: 469.75386pt x 289.07928pt.
<data_clean_visualization_cell_year_files/figure-latex/fig-plot-years-7.pdf, id=10, 469.755pt x 289.08pt>
File: data_clean_visualization_cell_year_files/figure-latex/fig-plot-years-7.pdf Graphic file (type pdf)
<use data_clean_visualization_cell_year_files/figure-latex/fig-plot-years-7.pdf>
Package pdftex.def Info: data_clean_visualization_cell_year_files/figure-latex/fig-plot-years-7.pdf  used on input line 191.
(pdftex.def)             Requested size: 469.75386pt x 289.07928pt.
<data_clean_visualization_cell_year_files/figure-latex/fig-plot-years-8.pdf, id=11, 469.755pt x 289.08pt>
File: data_clean_visualization_cell_year_files/figure-latex/fig-plot-years-8.pdf Graphic file (type pdf)
<use data_clean_visualization_cell_year_files/figure-latex/fig-plot-years-8.pdf>
Package pdftex.def Info: data_clean_visualization_cell_year_files/figure-latex/fig-plot-years-8.pdf  used on input line 197.
(pdftex.def)             Requested size: 469.75386pt x 289.07928pt.
<data_clean_visualization_cell_year_files/figure-latex/fig-plot-years-9.pdf, id=12, 469.755pt x 289.08pt>
File: data_clean_visualization_cell_year_files/figure-latex/fig-plot-years-9.pdf Graphic file (type pdf)
<use data_clean_visualization_cell_year_files/figure-latex/fig-plot-years-9.pdf>
Package pdftex.def Info: data_clean_visualization_cell_year_files/figure-latex/fig-plot-years-9.pdf  used on input line 203.
(pdftex.def)             Requested size: 469.75386pt x 289.07928pt.
<data_clean_visualization_cell_year_files/figure-latex/fig-plot-years-10.pdf, id=13, 469.755pt x 289.08pt>
File: data_clean_visualization_cell_year_files/figure-latex/fig-plot-years-10.pdf Graphic file (type pdf)
<use data_clean_visualization_cell_year_files/figure-latex/fig-plot-years-10.pdf>
Package pdftex.def Info: data_clean_visualization_cell_year_files/figure-latex/fig-plot-years-10.pdf  used on input line 209.
(pdftex.def)             Requested size: 469.75386pt x 289.07928pt.
<data_clean_visualization_cell_year_files/figure-latex/fig-plot-years-11.pdf, id=14, 469.755pt x 289.08pt>
File: data_clean_visualization_cell_year_files/figure-latex/fig-plot-years-11.pdf Graphic file (type pdf)
<use data_clean_visualization_cell_year_files/figure-latex/fig-plot-years-11.pdf>
Package pdftex.def Info: data_clean_visualization_cell_year_files/figure-latex/fig-plot-years-11.pdf  used on input line 215.
(pdftex.def)             Requested size: 469.75386pt x 289.07928pt.
<data_clean_visualization_cell_year_files/figure-latex/fig-plot-years-12.pdf, id=15, 469.755pt x 289.08pt>
File: data_clean_visualization_cell_year_files/figure-latex/fig-plot-years-12.pdf Graphic file (type pdf)
<use data_clean_visualization_cell_year_files/figure-latex/fig-plot-years-12.pdf>
Package pdftex.def Info: data_clean_visualization_cell_year_files/figure-latex/fig-plot-years-12.pdf  used on input line 221.
(pdftex.def)             Requested size: 469.75386pt x 289.07928pt.
<data_clean_visualization_cell_year_files/figure-latex/fig-plot-years-13.pdf, id=16, 469.755pt x 289.08pt>
File: data_clean_visualization_cell_year_files/figure-latex/fig-plot-years-13.pdf Graphic file (type pdf)
<use data_clean_visualization_cell_year_files/figure-latex/fig-plot-years-13.pdf>
Package pdftex.def Info: data_clean_visualization_cell_year_files/figure-latex/fig-plot-years-13.pdf  used on input line 227.
(pdftex.def)             Requested size: 469.75386pt x 289.07928pt.
<data_clean_visualization_cell_year_files/figure-latex/fig-plot-years-14.pdf, id=17, 469.755pt x 289.08pt>
File: data_clean_visualization_cell_year_files/figure-latex/fig-plot-years-14.pdf Graphic file (type pdf)
<use data_clean_visualization_cell_year_files/figure-latex/fig-plot-years-14.pdf>
Package pdftex.def Info: data_clean_visualization_cell_year_files/figure-latex/fig-plot-years-14.pdf  used on input line 233.
(pdftex.def)             Requested size: 469.75386pt x 289.07928pt.
<data_clean_visualization_cell_year_files/figure-latex/fig-plot-years-15.pdf, id=18, 469.755pt x 289.08pt>
File: data_clean_visualization_cell_year_files/figure-latex/fig-plot-years-15.pdf Graphic file (type pdf)
<use data_clean_visualization_cell_year_files/figure-latex/fig-plot-years-15.pdf>
Package pdftex.def Info: data_clean_visualization_cell_year_files/figure-latex/fig-plot-years-15.pdf  used on input line 239.
(pdftex.def)             Requested size: 469.75386pt x 289.07928pt.
<data_clean_visualization_cell_year_files/figure-latex/fig-plot-years-16.pdf, id=19, 469.755pt x 289.08pt>
File: data_clean_visualization_cell_year_files/figure-latex/fig-plot-years-16.pdf Graphic file (type pdf)
<use data_clean_visualization_cell_year_files/figure-latex/fig-plot-years-16.pdf>
Package pdftex.def Info: data_clean_visualization_cell_year_files/figure-latex/fig-plot-years-16.pdf  used on input line 245.
(pdftex.def)             Requested size: 469.75386pt x 289.07928pt.
<data_clean_visualization_cell_year_files/figure-latex/fig-plot-years-17.pdf, id=20, 469.755pt x 289.08pt>
File: data_clean_visualization_cell_year_files/figure-latex/fig-plot-years-17.pdf Graphic file (type pdf)
<use data_clean_visualization_cell_year_files/figure-latex/fig-plot-years-17.pdf>
Package pdftex.def Info: data_clean_visualization_cell_year_files/figure-latex/fig-plot-years-17.pdf  used on input line 251.
(pdftex.def)             Requested size: 469.75386pt x 289.07928pt.
<data_clean_visualization_cell_year_files/figure-latex/fig-plot-years-18.pdf, id=21, 469.755pt x 289.08pt>
File: data_clean_visualization_cell_year_files/figure-latex/fig-plot-years-18.pdf Graphic file (type pdf)
<use data_clean_visualization_cell_year_files/figure-latex/fig-plot-years-18.pdf>
Package pdftex.def Info: data_clean_visualization_cell_year_files/figure-latex/fig-plot-years-18.pdf  used on input line 257.
(pdftex.def)             Requested size: 469.75386pt x 289.07928pt.
<data_clean_visualization_cell_year_files/figure-latex/fig-plot-years-19.pdf, id=22, 469.755pt x 289.08pt>
File: data_clean_visualization_cell_year_files/figure-latex/fig-plot-years-19.pdf Graphic file (type pdf)
<use data_clean_visualization_cell_year_files/figure-latex/fig-plot-years-19.pdf>
Package pdftex.def Info: data_clean_visualization_cell_year_files/figure-latex/fig-plot-years-19.pdf  used on input line 263.
(pdftex.def)             Requested size: 469.75386pt x 289.07928pt.
<data_clean_visualization_cell_year_files/figure-latex/fig-plot-years-20.pdf, id=23, 469.755pt x 289.08pt>
File: data_clean_visualization_cell_year_files/figure-latex/fig-plot-years-20.pdf Graphic file (type pdf)
<use data_clean_visualization_cell_year_files/figure-latex/fig-plot-years-20.pdf>
Package pdftex.def Info: data_clean_visualization_cell_year_files/figure-latex/fig-plot-years-20.pdf  used on input line 269.
(pdftex.def)             Requested size: 469.75386pt x 289.07928pt.
<data_clean_visualization_cell_year_files/figure-latex/fig-plot-years-21.pdf, id=24, 469.755pt x 289.08pt>
File: data_clean_visualization_cell_year_files/figure-latex/fig-plot-years-21.pdf Graphic file (type pdf)
<use data_clean_visualization_cell_year_files/figure-latex/fig-plot-years-21.pdf>
Package pdftex.def Info: data_clean_visualization_cell_year_files/figure-latex/fig-plot-years-21.pdf  used on input line 275.
(pdftex.def)             Requested size: 469.75386pt x 289.07928pt.
<data_clean_visualization_cell_year_files/figure-latex/fig-plot-years-22.pdf, id=25, 469.755pt x 289.08pt>
File: data_clean_visualization_cell_year_files/figure-latex/fig-plot-years-22.pdf Graphic file (type pdf)
<use data_clean_visualization_cell_year_files/figure-latex/fig-plot-years-22.pdf>
Package pdftex.def Info: data_clean_visualization_cell_year_files/figure-latex/fig-plot-years-22.pdf  used on input line 281.
(pdftex.def)             Requested size: 469.75386pt x 289.07928pt.
<data_clean_visualization_cell_year_files/figure-latex/fig-plot-years-23.pdf, id=26, 469.755pt x 289.08pt>
File: data_clean_visualization_cell_year_files/figure-latex/fig-plot-years-23.pdf Graphic file (type pdf)
<use data_clean_visualization_cell_year_files/figure-latex/fig-plot-years-23.pdf>
Package pdftex.def Info: data_clean_visualization_cell_year_files/figure-latex/fig-plot-years-23.pdf  used on input line 287.
(pdftex.def)             Requested size: 469.75386pt x 289.07928pt.
<data_clean_visualization_cell_year_files/figure-latex/fig-plot-years-24.pdf, id=27, 469.755pt x 289.08pt>
File: data_clean_visualization_cell_year_files/figure-latex/fig-plot-years-24.pdf Graphic file (type pdf)
<use data_clean_visualization_cell_year_files/figure-latex/fig-plot-years-24.pdf>
Package pdftex.def Info: data_clean_visualization_cell_year_files/figure-latex/fig-plot-years-24.pdf  used on input line 293.
(pdftex.def)             Requested size: 469.75386pt x 289.07928pt.
<data_clean_visualization_cell_year_files/figure-latex/fig-plot-years-25.pdf, id=28, 469.755pt x 289.08pt>
File: data_clean_visualization_cell_year_files/figure-latex/fig-plot-years-25.pdf Graphic file (type pdf)
<use data_clean_visualization_cell_year_files/figure-latex/fig-plot-years-25.pdf>
Package pdftex.def Info: data_clean_visualization_cell_year_files/figure-latex/fig-plot-years-25.pdf  used on input line 299.
(pdftex.def)             Requested size: 469.75386pt x 289.07928pt.
<data_clean_visualization_cell_year_files/figure-latex/fig-plot-years-26.pdf, id=29, 469.755pt x 289.08pt>
File: data_clean_visualization_cell_year_files/figure-latex/fig-plot-years-26.pdf Graphic file (type pdf)
<use data_clean_visualization_cell_year_files/figure-latex/fig-plot-years-26.pdf>
Package pdftex.def Info: data_clean_visualization_cell_year_files/figure-latex/fig-plot-years-26.pdf  used on input line 305.
(pdftex.def)             Requested size: 469.75386pt x 289.07928pt.
<data_clean_visualization_cell_year_files/figure-latex/fig-plot-years-27.pdf, id=30, 469.755pt x 289.08pt>
File: data_clean_visualization_cell_year_files/figure-latex/fig-plot-years-27.pdf Graphic file (type pdf)
<use data_clean_visualization_cell_year_files/figure-latex/fig-plot-years-27.pdf>
Package pdftex.def Info: data_clean_visualization_cell_year_files/figure-latex/fig-plot-years-27.pdf  used on input line 311.
(pdftex.def)             Requested size: 469.75386pt x 289.07928pt.
<data_clean_visualization_cell_year_files/figure-latex/fig-plot-years-28.pdf, id=31, 469.755pt x 289.08pt>
File: data_clean_visualization_cell_year_files/figure-latex/fig-plot-years-28.pdf Graphic file (type pdf)
<use data_clean_visualization_cell_year_files/figure-latex/fig-plot-years-28.pdf>
Package pdftex.def Info: data_clean_visualization_cell_year_files/figure-latex/fig-plot-years-28.pdf  used on input line 317.
(pdftex.def)             Requested size: 469.75386pt x 289.07928pt.
<data_clean_visualization_cell_year_files/figure-latex/fig-plot-years-29.pdf, id=32, 469.755pt x 289.08pt>
File: data_clean_visualization_cell_year_files/figure-latex/fig-plot-years-29.pdf Graphic file (type pdf)
<use data_clean_visualization_cell_year_files/figure-latex/fig-plot-years-29.pdf>
Package pdftex.def Info: data_clean_visualization_cell_year_files/figure-latex/fig-plot-years-29.pdf  used on input line 323.
(pdftex.def)             Requested size: 469.75386pt x 289.07928pt.
<data_clean_visualization_cell_year_files/figure-latex/fig-plot-years-30.pdf, id=33, 469.755pt x 289.08pt>
File: data_clean_visualization_cell_year_files/figure-latex/fig-plot-years-30.pdf Graphic file (type pdf)
<use data_clean_visualization_cell_year_files/figure-latex/fig-plot-years-30.pdf>
Package pdftex.def Info: data_clean_visualization_cell_year_files/figure-latex/fig-plot-years-30.pdf  used on input line 329.
(pdftex.def)             Requested size: 469.75386pt x 289.07928pt.
<data_clean_visualization_cell_year_files/figure-latex/fig-plot-years-31.pdf, id=34, 469.755pt x 289.08pt>
File: data_clean_visualization_cell_year_files/figure-latex/fig-plot-years-31.pdf Graphic file (type pdf)
<use data_clean_visualization_cell_year_files/figure-latex/fig-plot-years-31.pdf>
Package pdftex.def Info: data_clean_visualization_cell_year_files/figure-latex/fig-plot-years-31.pdf  used on input line 335.
(pdftex.def)             Requested size: 469.75386pt x 289.07928pt.
<data_clean_visualization_cell_year_files/figure-latex/fig-plot-years-32.pdf, id=35, 469.755pt x 289.08pt>
File: data_clean_visualization_cell_year_files/figure-latex/fig-plot-years-32.pdf Graphic file (type pdf)
<use data_clean_visualization_cell_year_files/figure-latex/fig-plot-years-32.pdf>
Package pdftex.def Info: data_clean_visualization_cell_year_files/figure-latex/fig-plot-years-32.pdf  used on input line 341.
(pdftex.def)             Requested size: 469.75386pt x 289.07928pt.
<data_clean_visualization_cell_year_files/figure-latex/fig-plot-years-33.pdf, id=36, 469.755pt x 289.08pt>
File: data_clean_visualization_cell_year_files/figure-latex/fig-plot-years-33.pdf Graphic file (type pdf)
<use data_clean_visualization_cell_year_files/figure-latex/fig-plot-years-33.pdf>
Package pdftex.def Info: data_clean_visualization_cell_year_files/figure-latex/fig-plot-years-33.pdf  used on input line 347.
(pdftex.def)             Requested size: 469.75386pt x 289.07928pt.
<data_clean_visualization_cell_year_files/figure-latex/fig-plot-years-34.pdf, id=37, 469.755pt x 289.08pt>
File: data_clean_visualization_cell_year_files/figure-latex/fig-plot-years-34.pdf Graphic file (type pdf)
<use data_clean_visualization_cell_year_files/figure-latex/fig-plot-years-34.pdf>
Package pdftex.def Info: data_clean_visualization_cell_year_files/figure-latex/fig-plot-years-34.pdf  used on input line 353.
(pdftex.def)             Requested size: 469.75386pt x 289.07928pt.
<data_clean_visualization_cell_year_files/figure-latex/fig-plot-years-35.pdf, id=38, 469.755pt x 289.08pt>
File: data_clean_visualization_cell_year_files/figure-latex/fig-plot-years-35.pdf Graphic file (type pdf)
<use data_clean_visualization_cell_year_files/figure-latex/fig-plot-years-35.pdf>
Package pdftex.def Info: data_clean_visualization_cell_year_files/figure-latex/fig-plot-years-35.pdf  used on input line 359.
(pdftex.def)             Requested size: 469.75386pt x 289.07928pt.
<data_clean_visualization_cell_year_files/figure-latex/fig-plot-years-36.pdf, id=39, 469.755pt x 289.08pt>
File: data_clean_visualization_cell_year_files/figure-latex/fig-plot-years-36.pdf Graphic file (type pdf)
<use data_clean_visualization_cell_year_files/figure-latex/fig-plot-years-36.pdf>
Package pdftex.def Info: data_clean_visualization_cell_year_files/figure-latex/fig-plot-years-36.pdf  used on input line 365.
(pdftex.def)             Requested size: 469.75386pt x 289.07928pt.
<data_clean_visualization_cell_year_files/figure-latex/fig-plot-years-37.pdf, id=40, 469.755pt x 289.08pt>
File: data_clean_visualization_cell_year_files/figure-latex/fig-plot-years-37.pdf Graphic file (type pdf)
<use data_clean_visualization_cell_year_files/figure-latex/fig-plot-years-37.pdf>
Package pdftex.def Info: data_clean_visualization_cell_year_files/figure-latex/fig-plot-years-37.pdf  used on input line 371.
(pdftex.def)             Requested size: 469.75386pt x 289.07928pt.
<data_clean_visualization_cell_year_files/figure-latex/fig-plot-years-38.pdf, id=41, 469.755pt x 289.08pt>
File: data_clean_visualization_cell_year_files/figure-latex/fig-plot-years-38.pdf Graphic file (type pdf)
<use data_clean_visualization_cell_year_files/figure-latex/fig-plot-years-38.pdf>
Package pdftex.def Info: data_clean_visualization_cell_year_files/figure-latex/fig-plot-years-38.pdf  used on input line 377.
(pdftex.def)             Requested size: 469.75386pt x 289.07928pt.
<data_clean_visualization_cell_year_files/figure-latex/fig-plot-years-39.pdf, id=42, 469.755pt x 289.08pt>
File: data_clean_visualization_cell_year_files/figure-latex/fig-plot-years-39.pdf Graphic file (type pdf)
<use data_clean_visualization_cell_year_files/figure-latex/fig-plot-years-39.pdf>
Package pdftex.def Info: data_clean_visualization_cell_year_files/figure-latex/fig-plot-years-39.pdf  used on input line 383.
(pdftex.def)             Requested size: 469.75386pt x 289.07928pt.
<data_clean_visualization_cell_year_files/figure-latex/fig-plot-years-40.pdf, id=43, 469.755pt x 289.08pt>
File: data_clean_visualization_cell_year_files/figure-latex/fig-plot-years-40.pdf Graphic file (type pdf)
<use data_clean_visualization_cell_year_files/figure-latex/fig-plot-years-40.pdf>
Package pdftex.def Info: data_clean_visualization_cell_year_files/figure-latex/fig-plot-years-40.pdf  used on input line 389.
(pdftex.def)             Requested size: 469.75386pt x 289.07928pt.
<data_clean_visualization_cell_year_files/figure-latex/fig-plot-years-41.pdf, id=44, 469.755pt x 289.08pt>
File: data_clean_visualization_cell_year_files/figure-latex/fig-plot-years-41.pdf Graphic file (type pdf)
<use data_clean_visualization_cell_year_files/figure-latex/fig-plot-years-41.pdf>
Package pdftex.def Info: data_clean_visualization_cell_year_files/figure-latex/fig-plot-years-41.pdf  used on input line 395.
(pdftex.def)             Requested size: 469.75386pt x 289.07928pt.
<data_clean_visualization_cell_year_files/figure-latex/fig-plot-years-42.pdf, id=45, 469.755pt x 289.08pt>
File: data_clean_visualization_cell_year_files/figure-latex/fig-plot-years-42.pdf Graphic file (type pdf)
<use data_clean_visualization_cell_year_files/figure-latex/fig-plot-years-42.pdf>
Package pdftex.def Info: data_clean_visualization_cell_year_files/figure-latex/fig-plot-years-42.pdf  used on input line 401.
(pdftex.def)             Requested size: 469.75386pt x 289.07928pt.
<data_clean_visualization_cell_year_files/figure-latex/fig-plot-years-43.pdf, id=46, 469.755pt x 289.08pt>
File: data_clean_visualization_cell_year_files/figure-latex/fig-plot-years-43.pdf Graphic file (type pdf)
<use data_clean_visualization_cell_year_files/figure-latex/fig-plot-years-43.pdf>
Package pdftex.def Info: data_clean_visualization_cell_year_files/figure-latex/fig-plot-years-43.pdf  used on input line 407.
(pdftex.def)             Requested size: 469.75386pt x 289.07928pt.
<data_clean_visualization_cell_year_files/figure-latex/fig-plot-years-44.pdf, id=47, 469.755pt x 289.08pt>
File: data_clean_visualization_cell_year_files/figure-latex/fig-plot-years-44.pdf Graphic file (type pdf)
<use data_clean_visualization_cell_year_files/figure-latex/fig-plot-years-44.pdf>
Package pdftex.def Info: data_clean_visualization_cell_year_files/figure-latex/fig-plot-years-44.pdf  used on input line 413.
(pdftex.def)             Requested size: 469.75386pt x 289.07928pt.
<data_clean_visualization_cell_year_files/figure-latex/fig-plot-cells-1.pdf, id=48, 469.755pt x 289.08pt>
File: data_clean_visualization_cell_year_files/figure-latex/fig-plot-cells-1.pdf Graphic file (type pdf)
<use data_clean_visualization_cell_year_files/figure-latex/fig-plot-cells-1.pdf>
Package pdftex.def Info: data_clean_visualization_cell_year_files/figure-latex/fig-plot-cells-1.pdf  used on input line 423.
(pdftex.def)             Requested size: 469.75386pt x 289.07928pt.
<data_clean_visualization_cell_year_files/figure-latex/fig-plot-cells-2.pdf, id=49, 469.755pt x 289.08pt>
File: data_clean_visualization_cell_year_files/figure-latex/fig-plot-cells-2.pdf Graphic file (type pdf)
<use data_clean_visualization_cell_year_files/figure-latex/fig-plot-cells-2.pdf>
Package pdftex.def Info: data_clean_visualization_cell_year_files/figure-latex/fig-plot-cells-2.pdf  used on input line 429.
(pdftex.def)             Requested size: 469.75386pt x 289.07928pt.
<data_clean_visualization_cell_year_files/figure-latex/fig-plot-cells-3.pdf, id=50, 469.755pt x 289.08pt>
File: data_clean_visualization_cell_year_files/figure-latex/fig-plot-cells-3.pdf Graphic file (type pdf)
<use data_clean_visualization_cell_year_files/figure-latex/fig-plot-cells-3.pdf>
Package pdftex.def Info: data_clean_visualization_cell_year_files/figure-latex/fig-plot-cells-3.pdf  used on input line 435.
(pdftex.def)             Requested size: 469.75386pt x 289.07928pt.
<data_clean_visualization_cell_year_files/figure-latex/fig-plot-cells-4.pdf, id=51, 469.755pt x 289.08pt>
File: data_clean_visualization_cell_year_files/figure-latex/fig-plot-cells-4.pdf Graphic file (type pdf)
<use data_clean_visualization_cell_year_files/figure-latex/fig-plot-cells-4.pdf>
Package pdftex.def Info: data_clean_visualization_cell_year_files/figure-latex/fig-plot-cells-4.pdf  used on input line 441.
(pdftex.def)             Requested size: 469.75386pt x 289.07928pt.
<data_clean_visualization_cell_year_files/figure-latex/fig-plot-cells-5.pdf, id=52, 469.755pt x 289.08pt>
File: data_clean_visualization_cell_year_files/figure-latex/fig-plot-cells-5.pdf Graphic file (type pdf)
<use data_clean_visualization_cell_year_files/figure-latex/fig-plot-cells-5.pdf>
Package pdftex.def Info: data_clean_visualization_cell_year_files/figure-latex/fig-plot-cells-5.pdf  used on input line 447.
(pdftex.def)             Requested size: 469.75386pt x 289.07928pt.
<data_clean_visualization_cell_year_files/figure-latex/fig-plot-cells-6.pdf, id=53, 469.755pt x 289.08pt>
File: data_clean_visualization_cell_year_files/figure-latex/fig-plot-cells-6.pdf Graphic file (type pdf)
<use data_clean_visualization_cell_year_files/figure-latex/fig-plot-cells-6.pdf>
Package pdftex.def Info: data_clean_visualization_cell_year_files/figure-latex/fig-plot-cells-6.pdf  used on input line 453.
(pdftex.def)             Requested size: 469.75386pt x 289.07928pt.
! Output loop---100 consecutive dead cycles.
\end@float ... \@tempdima \penalty \@floatpenalty 
                                                  \else \vadjust {\penalty -...
l.455 \end{figure}
                   
Here is how much of TeX's memory you used:
 11862 strings out of 476464
 206056 string characters out of 5801127
 1944040 words of memory out of 5000000
 33412 multiletter control sequences out of 15000+600000
 587049 words of font info for 61 fonts, out of 8000000 for 9000
 14 hyphenation exceptions out of 8191
 75i,6n,79p,397b,382s stack positions out of 10000i,1000n,20000p,200000b,200000s

!  ==> Fatal error occurred, no output PDF file produced!
